### ISSUE TITLE
Segfault when clicking on a starting point

### ISSUE THREAD

**Issue by ghost** [pioneerspacesim/pioneer#2802]
I'm getting a segfault when clicking on any of the starting points (compiling from source, using latest master as of commit 96ca7d71).

The problem seems to be introduced in commit 007991ff. Using `git checkout 007991ff^` doesn't produce the crash. Running `git checkout 007991ff` then applying the patch to fix the build in gcc 4.7 (`git diff fdc9b5b9^ fdc9b5b9  | patch -p1`) causes the problem to appear. Applying commit 00d6632c makes no difference.

Additional info:

```
$ gcc --version
gcc (Debian 4.7.3-4) 4.7.3
<legalese snipped>
```

Here's the backtrace and some extra info I printed. Interestingly, it is not an assertion failure, but a segfault caused by the assertion check.

``` bt
Program received signal SIGSEGV, Segmentation fault.
JobHandle::JobHandle(JobHandle&&) (this=0xbfffea98, other=...)
    at ../../src/JobQueue.cpp:137
137     assert(m_job->GetHandle() == &other);
(gdb) bt
#0  JobHandle::JobHandle(JobHandle&&) (this=0xbfffea98, other=...)
    at ../../src/JobQueue.cpp:137
#1  0x081c61e6 in pair<JobHandle, void> (__y=..., __x=<optimized out>, 
    this=<optimized out>) at /usr/include/c++/4.7/bits/stl_pair.h:131
#2  operator[] (__k=<optimized out>, this=<optimized out>)
    at /usr/include/c++/4.7/bits/stl_map.h:458
#3  Order (job=0xbfffea88, this=<optimized out>)
    at ../../../src/galaxy/../JobQueue.h:177
#4  SectorCache::Slave::FillCache (this=0x13f9dab0, paths=...)
    at ../../../src/galaxy/SectorCache.cpp:197
#5  0x08158887 in Space::GenSectorCache (this=0x13bc9f08, here=0xbfffea88)
    at ../../src/Space.cpp:640
#6  0x08158c8f in Space::Space (this=0x13bc9f08, game=0xbfffea88, path=...)
    at ../../src/Space.cpp:102
#7  0x0808a770 in Game::Game (this=0x13de96e0, path=..., time=0)
    at ../../src/Game.cpp:41
#8  0x080c310a in l_game_start_game (l=0x85f4b48) at ../../src/LuaGame.cpp:60
#9  0x082d24a5 in luaD_precall (L=L@entry=0x85f4b48, func=<optimized out>, 
    func@entry=0x8b35af8, nresults=nresults@entry=0)
    at ../../../contrib/lua/ldo.c:318
#10 0x082e08a3 in luaV_execute (L=L@entry=0x85f4b48)
    at ../../../contrib/lua/lvm.c:709
#11 0x082d2b70 in luaD_call (L=L@entry=0x85f4b48, func=0x8b35af0, nResults=1, 
    allowyield=allowyield@entry=0) at ../../../contrib/lua/ldo.c:395
#12 0x082cd0f8 in f_call (L=L@entry=0x85f4b48, ud=ud@entry=0xbffff088)
    at ../../../contrib/lua/lapi.c:923
#13 0x082d1b54 in luaD_rawrunprotected (L=0x85f4b48, f=0x82cd0d0 <f_call>, 
    ud=0xbffff088) at ../../../contrib/lua/ldo.c:131
#14 0x082d2e91 in luaD_pcall (L=L@entry=0x85f4b48, 
    func=func@entry=0x82cd0d0 <f_call>, u=u@entry=0xbffff088, old_top=56, 
    ef=48) at ../../../contrib/lua/ldo.c:595
#15 0x082cfe1c in lua_pcallk (L=0x85f4b48, nargs=0, nresults=1, errfunc=6, 
    ctx=0, k=0) at ../../../contrib/lua/lapi.c:949
#16 0x080debcf in pi_lua_protected_call (L=0x85f4b48, nargs=0, nresults=1)
    at ../../src/LuaUtils.cpp:514
#17 0x0828209b in _trampoline_end (nargs=0, l=0x85f4b48)
    at ../../../src/ui/LuaSignal.h:24
#18 UI::LuaSignalTrampoline<sigc::nil, sigc::nil>::trampoline (l=0x85f4b48, 
    idx=4) at ../../../src/ui/LuaSignal.h:65
#19 0x08280c87 in operator() (this=0x8a45ed0, _A_a1=<optimized out>, 
    _A_a2=<optimized out>)
    at /usr/include/sigc++-2.0/sigc++/functors/ptr_fun.h:147
#20 operator()<lua_State*&, int&> (this=0x8a45ecc, _A_arg1=<optimized out>, 
    _A_arg2=<optimized out>)
    at /usr/include/sigc++-2.0/sigc++/adaptors/adaptor_trait.h:103
#21 operator() (this=0x8a45ec8)
    at /usr/include/sigc++-2.0/sigc++/adaptors/bind.h:1324
#22 sigc::internal::slot_call0<sigc::bind_functor<-1, sigc::pointer_functor2<lua_State*, int, bool>, lua_State*, int, sigc::nil, sigc::nil, sigc::nil, sigc::nil, sigc::nil>, bool>::call_it (rep=0x8a45eb0)
    at /usr/include/sigc++-2.0/sigc++/functors/slot.h:103
#23 0x08274ab1 in operator() (this=<optimized out>, _A_slot=...)
    at /usr/include/sigc++-2.0/sigc++/signal.h:611
#24 operator* (this=<synthetic pointer>)
    at /usr/include/sigc++-2.0/sigc++/signal.h:306
#25 operator()<sigc::internal::slot_iterator_buf<sigc::internal::signal_emit0<bool, UI::Widget::EventHandlerResultAccumulator>, bool> > (first=..., 
    this=<optimized out>, last=...) at ../../../src/ui/Widget.h:222
#26 sigc::internal::signal_emit0<bool, UI::Widget::EventHandlerResultAccumulator>::emit (impl=0x8a7f788) at /usr/include/sigc++-2.0/sigc++/signal.h:629
#27 0x08272303 in emit (this=<optimized out>)
    at /usr/include/sigc++-2.0/sigc++/signal.h:2673
#28 TriggerClick (handled=false, this=0x8a45cf8)
    at ../../../src/ui/Widget.cpp:293
#29 TriggerClick (handled=false, this=<optimized out>)
    at ../../../src/ui/Widget.cpp:294
#30 UI::Widget::TriggerClick (this=0x8a3d468, handled=<optimized out>)
    at ../../../src/ui/Widget.cpp:294
#31 0x0825cf33 in UI::EventDispatcher::Dispatch (this=0x8605278, event=...)
    at ../../../src/ui/EventDispatcher.cpp:160
#32 0x0825d098 in UI::EventDispatcher::DispatchSDLEvent (this=0x8605278, 
    event=...) at ../../../src/ui/EventDispatcher.cpp:40
#33 0x080fd43a in DispatchSDLEvent (event=..., this=<optimized out>)
    at ../../src/ui/Context.h:125
#34 Pi::Start () at ../../src/Pi.cpp:1039
#35 0x080543b5 in main (argc=1, argv=0xbffff574) at ../../src/main.cpp:79

(gdb) disas
Dump of assembler code for function JobHandle::JobHandle(JobHandle&&):
   0x080a08b0 <+0>: push   %ebx
   0x080a08b1 <+1>: sub    $0x18,%esp
   0x080a08b4 <+4>: mov    0x24(%esp),%eax
   0x080a08b8 <+8>: mov    0x20(%esp),%edx
   0x080a08bc <+12>:    mov    0x4(%eax),%ebx
   0x080a08bf <+15>:    mov    (%eax),%ecx
   0x080a08c1 <+17>:    mov    %ebx,0x4(%edx)
   0x080a08c4 <+20>:    mov    0x8(%eax),%ebx
=> 0x080a08c7 <+23>:    cmp    0x8(%ecx),%eax
   0x080a08ca <+26>:    mov    %ecx,(%edx)
   0x080a08cc <+28>:    mov    %ebx,0x8(%edx)
   0x080a08cf <+31>:    jne    0x80a08ed <JobHandle::JobHandle(JobHandle&&)+61>
   0x080a08d1 <+33>:    mov    %edx,0x8(%ecx)
   0x080a08d4 <+36>:    movl   $0x0,(%eax)
   0x080a08da <+42>:    movl   $0x0,0x4(%eax)
   0x080a08e1 <+49>:    movl   $0x0,0x8(%eax)
   0x080a08e8 <+56>:    add    $0x18,%esp
   0x080a08eb <+59>:    pop    %ebx
   0x080a08ec <+60>:    ret    
   0x080a08ed <+61>:    movl   $0x82fc480,0xc(%esp)
   0x080a08f5 <+69>:    movl   $0x89,0x8(%esp)
   0x080a08fd <+77>:    movl   $0x82fc37c,0x4(%esp)
   0x080a0905 <+85>:    movl   $0x82fc3cf,(%esp)
   0x080a090c <+92>:    call   0x804e590 <__assert_fail@plt>
End of assembler dump.
(gdb) p $eax
$1 = -1073747224
(gdb) p $ecx
$2 = 0
(gdb) p m_job
$3 = (Job *) 0x141b6e10
(gdb) p *m_job
$4 = {_vptr.Job = 0x28c60, cancelled = 8, m_handle = 0x82f71d0}
```
